<?xml version="1.0" encoding="UTF-8"?>
<!-- Generated by org.testng.reporters.JUnitReportReporter -->
<testsuite hostname="SAG-8JC82X2" failures="0" tests="2" name="academy.HomePage" time="53.749" errors="0" timestamp="2022-04-08T12:22:58 IST" skipped="0">
  <testcase classname="academy.HomePage" name="basePageNavigation" time="30.307"/>
  <system-out/>
  <testcase classname="academy.HomePage" name="basePageNavigation" time="23.442"/>
  <system-out/>
</testsuite> <!-- academy.HomePage -->
