<?xml version="1.0" encoding="UTF-8"?>
<!-- Generated by org.testng.reporters.JUnitReportReporter -->
<testsuite hostname="SAG-8JC82X2" failures="0" tests="1" name="academy.ValidateNavBar" time="0.111" errors="0" timestamp="2022-04-08T12:22:58 IST" skipped="0">
  <testcase classname="academy.ValidateNavBar" name="getNavBarDetail" time="0.111"/>
  <system-out/>
</testsuite> <!-- academy.ValidateNavBar -->
